This is pdfTeX, Version 3.14159265-2.6-1.40.17 (MiKTeX 2.9.6100 64-bit) (preloaded format=pdflatex 2016.12.15)  20 OCT 2017 19:41
entering extended mode
**./Alg1Tut10.tex
(Alg1Tut10.tex
LaTeX2e <2016/03/31> patch level 3
Babel <3.9r> and hyphenation patterns for 75 language(s) loaded.
("C:\Program Files\MiKTeX 2.9\tex\latex\base\report.cls"
Document Class: report 2014/09/29 v1.4h Standard LaTeX document class
("C:\Program Files\MiKTeX 2.9\tex\latex\base\size11.clo"
File: size11.clo 2014/09/29 v1.4h Standard LaTeX file (size option)
)
\c@part=\count79
\c@chapter=\count80
\c@section=\count81
\c@subsection=\count82
\c@subsubsection=\count83
\c@paragraph=\count84
\c@subparagraph=\count85
\c@figure=\count86
\c@table=\count87
\abovecaptionskip=\skip41
\belowcaptionskip=\skip42
\bibindent=\dimen102
)
("C:\Program Files\MiKTeX 2.9\tex\latex\amsmath\amsmath.sty"
Package: amsmath 2016/06/28 v2.15d AMS math features
\@mathmargin=\skip43

For additional information on amsmath, use the `?' option.
("C:\Program Files\MiKTeX 2.9\tex\latex\amsmath\amstext.sty"
Package: amstext 2000/06/29 v2.01 AMS text

("C:\Program Files\MiKTeX 2.9\tex\latex\amsmath\amsgen.sty"
File: amsgen.sty 1999/11/30 v2.0 generic functions
\@emptytoks=\toks14
\ex@=\dimen103
))
("C:\Program Files\MiKTeX 2.9\tex\latex\amsmath\amsbsy.sty"
Package: amsbsy 1999/11/29 v1.2d Bold Symbols
\pmbraise@=\dimen104
)
("C:\Program Files\MiKTeX 2.9\tex\latex\amsmath\amsopn.sty"
Package: amsopn 2016/03/08 v2.02 operator names
)
\inf@bad=\count88
LaTeX Info: Redefining \frac on input line 199.
\uproot@=\count89
\leftroot@=\count90
LaTeX Info: Redefining \overline on input line 297.
\classnum@=\count91
\DOTSCASE@=\count92
LaTeX Info: Redefining \ldots on input line 394.
LaTeX Info: Redefining \dots on input line 397.
LaTeX Info: Redefining \cdots on input line 518.
\Mathstrutbox@=\box26
\strutbox@=\box27
\big@size=\dimen105
LaTeX Font Info:    Redeclaring font encoding OML on input line 634.
LaTeX Font Info:    Redeclaring font encoding OMS on input line 635.
\macc@depth=\count93
\c@MaxMatrixCols=\count94
\dotsspace@=\muskip10
\c@parentequation=\count95
\dspbrk@lvl=\count96
\tag@help=\toks15
\row@=\count97
\column@=\count98
\maxfields@=\count99
\andhelp@=\toks16
\eqnshift@=\dimen106
\alignsep@=\dimen107
\tagshift@=\dimen108
\tagwidth@=\dimen109
\totwidth@=\dimen110
\lineht@=\dimen111
\@envbody=\toks17
\multlinegap=\skip44
\multlinetaggap=\skip45
\mathdisplay@stack=\toks18
LaTeX Info: Redefining \[ on input line 2739.
LaTeX Info: Redefining \] on input line 2740.
)
("C:\Program Files\MiKTeX 2.9\tex\latex\amsfonts\amssymb.sty"
Package: amssymb 2013/01/14 v3.01 AMS font symbols

("C:\Program Files\MiKTeX 2.9\tex\latex\amsfonts\amsfonts.sty"
Package: amsfonts 2013/01/14 v3.01 Basic AMSFonts support
\symAMSa=\mathgroup4
\symAMSb=\mathgroup5
LaTeX Font Info:    Overwriting math alphabet `\mathfrak' in version `bold'
(Font)                  U/euf/m/n --> U/euf/b/n on input line 106.
))
("C:\Program Files\MiKTeX 2.9\tex\latex\amscls\amsthm.sty"
Package: amsthm 2015/03/04 v2.20.2
\thm@style=\toks19
\thm@bodyfont=\toks20
\thm@headfont=\toks21
\thm@notefont=\toks22
\thm@headpunct=\toks23
\thm@preskip=\skip46
\thm@postskip=\skip47
\thm@headsep=\skip48
\dth@everypar=\toks24
)
("C:\Program Files\MiKTeX 2.9\tex\latex\tools\array.sty"
Package: array 2014/10/28 v2.4c Tabular extension package (FMi)
\col@sep=\dimen112
\extrarowheight=\dimen113
\NC@list=\toks25
\extratabsurround=\skip49
\backup@length=\skip50
)
(C:\Users\Dad\AppData\Roaming\MiKTeX\2.9\tex\latex\pgf\frontendlayer\tikz.sty
(C:\Users\Dad\AppData\Roaming\MiKTeX\2.9\tex\latex\pgf\basiclayer\pgf.sty
(C:\Users\Dad\AppData\Roaming\MiKTeX\2.9\tex\latex\pgf\utilities\pgfrcs.sty
(C:\Users\Dad\AppData\Roaming\MiKTeX\2.9\tex\generic\pgf\utilities\pgfutil-comm
on.tex
\pgfutil@everybye=\toks26
\pgfutil@tempdima=\dimen114
\pgfutil@tempdimb=\dimen115

(C:\Users\Dad\AppData\Roaming\MiKTeX\2.9\tex\generic\pgf\utilities\pgfutil-comm
on-lists.tex))
(C:\Users\Dad\AppData\Roaming\MiKTeX\2.9\tex\generic\pgf\utilities\pgfutil-late
x.def
\pgfutil@abb=\box28
 (C:\Users\Dad\AppData\Roaming\MiKTeX\2.9\tex\latex\ms\everyshi.sty
Package: everyshi 2001/05/15 v3.00 EveryShipout Package (MS)
))
(C:\Users\Dad\AppData\Roaming\MiKTeX\2.9\tex\generic\pgf\utilities\pgfrcs.code.
tex
Package: pgfrcs 2015/08/07 v3.0.1a (rcs-revision 1.31)
))
Package: pgf 2015/08/07 v3.0.1a (rcs-revision 1.15)

(C:\Users\Dad\AppData\Roaming\MiKTeX\2.9\tex\latex\pgf\basiclayer\pgfcore.sty
("C:\Program Files\MiKTeX 2.9\tex\latex\graphics\graphicx.sty"
Package: graphicx 2014/10/28 v1.0g Enhanced LaTeX Graphics (DPC,SPQR)

("C:\Program Files\MiKTeX 2.9\tex\latex\graphics\keyval.sty"
Package: keyval 2014/10/28 v1.15 key=value parser (DPC)
\KV@toks@=\toks27
)
("C:\Program Files\MiKTeX 2.9\tex\latex\graphics\graphics.sty"
Package: graphics 2016/07/10 v1.0t Standard LaTeX Graphics (DPC,SPQR)

("C:\Program Files\MiKTeX 2.9\tex\latex\graphics\trig.sty"
Package: trig 2016/01/03 v1.10 sin cos tan (DPC)
)
("C:\Program Files\MiKTeX 2.9\tex\latex\graphics-cfg\graphics.cfg"
File: graphics.cfg 2016/06/04 v1.11 sample graphics configuration
)
Package graphics Info: Driver file: pdftex.def on input line 99.

("C:\Program Files\MiKTeX 2.9\tex\latex\graphics-def\pdftex.def"
File: pdftex.def 2016/07/10 v0.06j Graphics/color for pdfTeX

("C:\Program Files\MiKTeX 2.9\tex\generic\oberdiek\infwarerr.sty"
Package: infwarerr 2016/05/16 v1.4 Providing info/warning/error messages (HO)
)
("C:\Program Files\MiKTeX 2.9\tex\generic\oberdiek\ltxcmds.sty"
Package: ltxcmds 2016/05/16 v1.23 LaTeX kernel commands for general use (HO)
)
\Gread@gobject=\count100
))
\Gin@req@height=\dimen116
\Gin@req@width=\dimen117
)
(C:\Users\Dad\AppData\Roaming\MiKTeX\2.9\tex\latex\pgf\systemlayer\pgfsys.sty
(C:\Users\Dad\AppData\Roaming\MiKTeX\2.9\tex\generic\pgf\systemlayer\pgfsys.cod
e.tex
Package: pgfsys 2014/07/09 v3.0.1a (rcs-revision 1.48)

(C:\Users\Dad\AppData\Roaming\MiKTeX\2.9\tex\generic\pgf\utilities\pgfkeys.code
.tex
\pgfkeys@pathtoks=\toks28
\pgfkeys@temptoks=\toks29

(C:\Users\Dad\AppData\Roaming\MiKTeX\2.9\tex\generic\pgf\utilities\pgfkeysfilte
red.code.tex
\pgfkeys@tmptoks=\toks30
))
\pgf@x=\dimen118
\pgf@y=\dimen119
\pgf@xa=\dimen120
\pgf@ya=\dimen121
\pgf@xb=\dimen122
\pgf@yb=\dimen123
\pgf@xc=\dimen124
\pgf@yc=\dimen125
\w@pgf@writea=\write3
\r@pgf@reada=\read1
\c@pgf@counta=\count101
\c@pgf@countb=\count102
\c@pgf@countc=\count103
\c@pgf@countd=\count104
\t@pgf@toka=\toks31
\t@pgf@tokb=\toks32
\t@pgf@tokc=\toks33

(C:\Users\Dad\AppData\Roaming\MiKTeX\2.9\tex\generic\pgf\systemlayer\pgf.cfg
File: pgf.cfg 2008/05/14  (rcs-revision 1.7)
)
Driver file for pgf: pgfsys-pdftex.def

(C:\Users\Dad\AppData\Roaming\MiKTeX\2.9\tex\generic\pgf\systemlayer\pgfsys-pdf
tex.def
File: pgfsys-pdftex.def 2014/10/11  (rcs-revision 1.35)

(C:\Users\Dad\AppData\Roaming\MiKTeX\2.9\tex\generic\pgf\systemlayer\pgfsys-com
mon-pdf.def
File: pgfsys-common-pdf.def 2013/10/10  (rcs-revision 1.13)
)))
(C:\Users\Dad\AppData\Roaming\MiKTeX\2.9\tex\generic\pgf\systemlayer\pgfsyssoft
path.code.tex
File: pgfsyssoftpath.code.tex 2013/09/09  (rcs-revision 1.9)
\pgfsyssoftpath@smallbuffer@items=\count105
\pgfsyssoftpath@bigbuffer@items=\count106
)
(C:\Users\Dad\AppData\Roaming\MiKTeX\2.9\tex\generic\pgf\systemlayer\pgfsysprot
ocol.code.tex
File: pgfsysprotocol.code.tex 2006/10/16  (rcs-revision 1.4)
))
(C:\Users\Dad\AppData\Roaming\MiKTeX\2.9\tex\latex\xcolor\xcolor.sty
Package: xcolor 2016/05/11 v2.12 LaTeX color extensions (UK)

("C:\Program Files\MiKTeX 2.9\tex\latex\graphics-cfg\color.cfg"
File: color.cfg 2016/01/02 v1.6 sample color configuration
)
Package xcolor Info: Driver file: pdftex.def on input line 225.
Package xcolor Info: Model `cmy' substituted by `cmy0' on input line 1348.
Package xcolor Info: Model `hsb' substituted by `rgb' on input line 1352.
Package xcolor Info: Model `RGB' extended on input line 1364.
Package xcolor Info: Model `HTML' substituted by `rgb' on input line 1366.
Package xcolor Info: Model `Hsb' substituted by `hsb' on input line 1367.
Package xcolor Info: Model `tHsb' substituted by `hsb' on input line 1368.
Package xcolor Info: Model `HSB' substituted by `hsb' on input line 1369.
Package xcolor Info: Model `Gray' substituted by `gray' on input line 1370.
Package xcolor Info: Model `wave' substituted by `hsb' on input line 1371.
)
(C:\Users\Dad\AppData\Roaming\MiKTeX\2.9\tex\generic\pgf\basiclayer\pgfcore.cod
e.tex
Package: pgfcore 2010/04/11 v3.0.1a (rcs-revision 1.7)

(C:\Users\Dad\AppData\Roaming\MiKTeX\2.9\tex\generic\pgf\math\pgfmath.code.tex
(C:\Users\Dad\AppData\Roaming\MiKTeX\2.9\tex\generic\pgf\math\pgfmathcalc.code.
tex
(C:\Users\Dad\AppData\Roaming\MiKTeX\2.9\tex\generic\pgf\math\pgfmathutil.code.
tex)
(C:\Users\Dad\AppData\Roaming\MiKTeX\2.9\tex\generic\pgf\math\pgfmathparser.cod
e.tex
\pgfmath@dimen=\dimen126
\pgfmath@count=\count107
\pgfmath@box=\box29
\pgfmath@toks=\toks34
\pgfmath@stack@operand=\toks35
\pgfmath@stack@operation=\toks36
)
(C:\Users\Dad\AppData\Roaming\MiKTeX\2.9\tex\generic\pgf\math\pgfmathfunctions.
code.tex
(C:\Users\Dad\AppData\Roaming\MiKTeX\2.9\tex\generic\pgf\math\pgfmathfunctions.
basic.code.tex)
(C:\Users\Dad\AppData\Roaming\MiKTeX\2.9\tex\generic\pgf\math\pgfmathfunctions.
trigonometric.code.tex)
(C:\Users\Dad\AppData\Roaming\MiKTeX\2.9\tex\generic\pgf\math\pgfmathfunctions.
random.code.tex)
(C:\Users\Dad\AppData\Roaming\MiKTeX\2.9\tex\generic\pgf\math\pgfmathfunctions.
comparison.code.tex)
(C:\Users\Dad\AppData\Roaming\MiKTeX\2.9\tex\generic\pgf\math\pgfmathfunctions.
base.code.tex)
(C:\Users\Dad\AppData\Roaming\MiKTeX\2.9\tex\generic\pgf\math\pgfmathfunctions.
round.code.tex)
(C:\Users\Dad\AppData\Roaming\MiKTeX\2.9\tex\generic\pgf\math\pgfmathfunctions.
misc.code.tex)
(C:\Users\Dad\AppData\Roaming\MiKTeX\2.9\tex\generic\pgf\math\pgfmathfunctions.
integerarithmetics.code.tex)))
(C:\Users\Dad\AppData\Roaming\MiKTeX\2.9\tex\generic\pgf\math\pgfmathfloat.code
.tex
\c@pgfmathroundto@lastzeros=\count108
))
(C:\Users\Dad\AppData\Roaming\MiKTeX\2.9\tex\generic\pgf\basiclayer\pgfcorepoin
ts.code.tex
File: pgfcorepoints.code.tex 2013/10/07  (rcs-revision 1.27)
\pgf@picminx=\dimen127
\pgf@picmaxx=\dimen128
\pgf@picminy=\dimen129
\pgf@picmaxy=\dimen130
\pgf@pathminx=\dimen131
\pgf@pathmaxx=\dimen132
\pgf@pathminy=\dimen133
\pgf@pathmaxy=\dimen134
\pgf@xx=\dimen135
\pgf@xy=\dimen136
\pgf@yx=\dimen137
\pgf@yy=\dimen138
\pgf@zx=\dimen139
\pgf@zy=\dimen140
)
(C:\Users\Dad\AppData\Roaming\MiKTeX\2.9\tex\generic\pgf\basiclayer\pgfcorepath
construct.code.tex
File: pgfcorepathconstruct.code.tex 2013/10/07  (rcs-revision 1.29)
\pgf@path@lastx=\dimen141
\pgf@path@lasty=\dimen142
)
(C:\Users\Dad\AppData\Roaming\MiKTeX\2.9\tex\generic\pgf\basiclayer\pgfcorepath
usage.code.tex
File: pgfcorepathusage.code.tex 2014/11/02  (rcs-revision 1.24)
\pgf@shorten@end@additional=\dimen143
\pgf@shorten@start@additional=\dimen144
)
(C:\Users\Dad\AppData\Roaming\MiKTeX\2.9\tex\generic\pgf\basiclayer\pgfcorescop
es.code.tex
File: pgfcorescopes.code.tex 2015/05/08  (rcs-revision 1.46)
\pgfpic=\box30
\pgf@hbox=\box31
\pgf@layerbox@main=\box32
\pgf@picture@serial@count=\count109
)
(C:\Users\Dad\AppData\Roaming\MiKTeX\2.9\tex\generic\pgf\basiclayer\pgfcoregrap
hicstate.code.tex
File: pgfcoregraphicstate.code.tex 2014/11/02  (rcs-revision 1.12)
\pgflinewidth=\dimen145
)
(C:\Users\Dad\AppData\Roaming\MiKTeX\2.9\tex\generic\pgf\basiclayer\pgfcoretran
sformations.code.tex
File: pgfcoretransformations.code.tex 2015/08/07  (rcs-revision 1.20)
\pgf@pt@x=\dimen146
\pgf@pt@y=\dimen147
\pgf@pt@temp=\dimen148
)
(C:\Users\Dad\AppData\Roaming\MiKTeX\2.9\tex\generic\pgf\basiclayer\pgfcorequic
k.code.tex
File: pgfcorequick.code.tex 2008/10/09  (rcs-revision 1.3)
)
(C:\Users\Dad\AppData\Roaming\MiKTeX\2.9\tex\generic\pgf\basiclayer\pgfcoreobje
cts.code.tex
File: pgfcoreobjects.code.tex 2006/10/11  (rcs-revision 1.2)
)
(C:\Users\Dad\AppData\Roaming\MiKTeX\2.9\tex\generic\pgf\basiclayer\pgfcorepath
processing.code.tex
File: pgfcorepathprocessing.code.tex 2013/09/09  (rcs-revision 1.9)
)
(C:\Users\Dad\AppData\Roaming\MiKTeX\2.9\tex\generic\pgf\basiclayer\pgfcorearro
ws.code.tex
File: pgfcorearrows.code.tex 2015/05/14  (rcs-revision 1.43)
\pgfarrowsep=\dimen149
)
(C:\Users\Dad\AppData\Roaming\MiKTeX\2.9\tex\generic\pgf\basiclayer\pgfcoreshad
e.code.tex
File: pgfcoreshade.code.tex 2013/07/15  (rcs-revision 1.15)
\pgf@max=\dimen150
\pgf@sys@shading@range@num=\count110
)
(C:\Users\Dad\AppData\Roaming\MiKTeX\2.9\tex\generic\pgf\basiclayer\pgfcoreimag
e.code.tex
File: pgfcoreimage.code.tex 2013/07/15  (rcs-revision 1.18)

(C:\Users\Dad\AppData\Roaming\MiKTeX\2.9\tex\generic\pgf\basiclayer\pgfcoreexte
rnal.code.tex
File: pgfcoreexternal.code.tex 2014/07/09  (rcs-revision 1.21)
\pgfexternal@startupbox=\box33
))
(C:\Users\Dad\AppData\Roaming\MiKTeX\2.9\tex\generic\pgf\basiclayer\pgfcorelaye
rs.code.tex
File: pgfcorelayers.code.tex 2013/07/18  (rcs-revision 1.7)
)
(C:\Users\Dad\AppData\Roaming\MiKTeX\2.9\tex\generic\pgf\basiclayer\pgfcoretran
sparency.code.tex
File: pgfcoretransparency.code.tex 2013/09/30  (rcs-revision 1.5)
)
(C:\Users\Dad\AppData\Roaming\MiKTeX\2.9\tex\generic\pgf\basiclayer\pgfcorepatt
erns.code.tex
File: pgfcorepatterns.code.tex 2013/11/07  (rcs-revision 1.5)
)))
(C:\Users\Dad\AppData\Roaming\MiKTeX\2.9\tex\generic\pgf\modules\pgfmoduleshape
s.code.tex
File: pgfmoduleshapes.code.tex 2014/03/21  (rcs-revision 1.35)
\pgfnodeparttextbox=\box34
)
(C:\Users\Dad\AppData\Roaming\MiKTeX\2.9\tex\generic\pgf\modules\pgfmoduleplot.
code.tex
File: pgfmoduleplot.code.tex 2015/08/03  (rcs-revision 1.13)
)
(C:\Users\Dad\AppData\Roaming\MiKTeX\2.9\tex\latex\pgf\compatibility\pgfcomp-ve
rsion-0-65.sty
Package: pgfcomp-version-0-65 2007/07/03 v3.0.1a (rcs-revision 1.7)
\pgf@nodesepstart=\dimen151
\pgf@nodesepend=\dimen152
)
(C:\Users\Dad\AppData\Roaming\MiKTeX\2.9\tex\latex\pgf\compatibility\pgfcomp-ve
rsion-1-18.sty
Package: pgfcomp-version-1-18 2007/07/23 v3.0.1a (rcs-revision 1.1)
))
(C:\Users\Dad\AppData\Roaming\MiKTeX\2.9\tex\latex\pgf\utilities\pgffor.sty
(C:\Users\Dad\AppData\Roaming\MiKTeX\2.9\tex\latex\pgf\utilities\pgfkeys.sty
(C:\Users\Dad\AppData\Roaming\MiKTeX\2.9\tex\generic\pgf\utilities\pgfkeys.code
.tex)) (C:\Users\Dad\AppData\Roaming\MiKTeX\2.9\tex\latex\pgf\math\pgfmath.sty
(C:\Users\Dad\AppData\Roaming\MiKTeX\2.9\tex\generic\pgf\math\pgfmath.code.tex)
)
(C:\Users\Dad\AppData\Roaming\MiKTeX\2.9\tex\generic\pgf\utilities\pgffor.code.
tex
Package: pgffor 2013/12/13 v3.0.1a (rcs-revision 1.25)

(C:\Users\Dad\AppData\Roaming\MiKTeX\2.9\tex\generic\pgf\math\pgfmath.code.tex)
\pgffor@iter=\dimen153
\pgffor@skip=\dimen154
\pgffor@stack=\toks37
\pgffor@toks=\toks38
))
(C:\Users\Dad\AppData\Roaming\MiKTeX\2.9\tex\generic\pgf\frontendlayer\tikz\tik
z.code.tex
Package: tikz 2015/08/07 v3.0.1a (rcs-revision 1.151)

(C:\Users\Dad\AppData\Roaming\MiKTeX\2.9\tex\generic\pgf\libraries\pgflibrarypl
othandlers.code.tex
File: pgflibraryplothandlers.code.tex 2013/08/31 v3.0.1a (rcs-revision 1.20)
\pgf@plot@mark@count=\count111
\pgfplotmarksize=\dimen155
)
\tikz@lastx=\dimen156
\tikz@lasty=\dimen157
\tikz@lastxsaved=\dimen158
\tikz@lastysaved=\dimen159
\tikzleveldistance=\dimen160
\tikzsiblingdistance=\dimen161
\tikz@figbox=\box35
\tikz@figbox@bg=\box36
\tikz@tempbox=\box37
\tikz@tempbox@bg=\box38
\tikztreelevel=\count112
\tikznumberofchildren=\count113
\tikznumberofcurrentchild=\count114
\tikz@fig@count=\count115

(C:\Users\Dad\AppData\Roaming\MiKTeX\2.9\tex\generic\pgf\modules\pgfmodulematri
x.code.tex
File: pgfmodulematrix.code.tex 2013/09/17  (rcs-revision 1.8)
\pgfmatrixcurrentrow=\count116
\pgfmatrixcurrentcolumn=\count117
\pgf@matrix@numberofcolumns=\count118
)
\tikz@expandcount=\count119

(C:\Users\Dad\AppData\Roaming\MiKTeX\2.9\tex\generic\pgf\frontendlayer\tikz\lib
raries\tikzlibrarytopaths.code.tex
File: tikzlibrarytopaths.code.tex 2008/06/17 v3.0.1a (rcs-revision 1.2)
)))
(C:\Users\Dad\AppData\Roaming\MiKTeX\2.9\tex\latex\fancyhdr\fancyhdr.sty
Package: fancyhdr 2016/10/11 v3.9 Extensive control of page headers and footers

\f@nch@headwidth=\skip51
\f@nch@O@elh=\skip52
\f@nch@O@erh=\skip53
\f@nch@O@olh=\skip54
\f@nch@O@orh=\skip55
\f@nch@O@elf=\skip56
\f@nch@O@erf=\skip57
\f@nch@O@olf=\skip58
\f@nch@O@orf=\skip59
)
(C:\Users\Dad\AppData\Roaming\MiKTeX\2.9\tex\latex\pgfplots\pgfplots.sty
(C:\Users\Dad\AppData\Roaming\MiKTeX\2.9\tex\generic\pgfplots\pgfplots.revision
.tex)
Package: pgfplots 2017/06/05 v1.15 Data Visualization (1.15)

(C:\Users\Dad\AppData\Roaming\MiKTeX\2.9\tex\generic\pgfplots\pgfplots.code.tex

(C:\Users\Dad\AppData\Roaming\MiKTeX\2.9\tex\generic\pgfplots\pgfplotscore.code
.tex
\t@pgfplots@toka=\toks39
\t@pgfplots@tokb=\toks40
\t@pgfplots@tokc=\toks41
\pgfplots@tmpa=\dimen162
\c@pgfplots@coordindex=\count120
\c@pgfplots@scanlineindex=\count121

(C:\Users\Dad\AppData\Roaming\MiKTeX\2.9\tex\generic\pgfplots\sys\pgfplotssysge
neric.code.tex))
(C:\Users\Dad\AppData\Roaming\MiKTeX\2.9\tex\generic\pgfplots\libs\pgfplotslibr
ary.code.tex)
(C:\Users\Dad\AppData\Roaming\MiKTeX\2.9\tex\generic\pgfplots\oldpgfcompatib\pg
fplotsoldpgfsupp_loader.code.tex
(C:\Users\Dad\AppData\Roaming\MiKTeX\2.9\tex\generic\pgf\libraries\pgflibraryfp
u.code.tex)
Package pgfplots: loading complementary arithmetics for your pgf version...

(C:\Users\Dad\AppData\Roaming\MiKTeX\2.9\tex\generic\pgfplots\oldpgfcompatib\pg
fplotsoldpgfsupp_pgflibraryfpu.code.tex)
(C:\Users\Dad\AppData\Roaming\MiKTeX\2.9\tex\generic\pgfplots\oldpgfcompatib\pg
fplotsoldpgfsupp_pgfmathfloat.code.tex
\c@pgfmathroundto@lastzeros=\count122
))
(C:\Users\Dad\AppData\Roaming\MiKTeX\2.9\tex\generic\pgfplots\util\pgfplotsutil
.code.tex
(C:\Users\Dad\AppData\Roaming\MiKTeX\2.9\tex\generic\pgfplots\liststructure\pgf
plotsliststructure.code.tex)
(C:\Users\Dad\AppData\Roaming\MiKTeX\2.9\tex\generic\pgfplots\liststructure\pgf
plotsliststructureext.code.tex)
(C:\Users\Dad\AppData\Roaming\MiKTeX\2.9\tex\generic\pgfplots\liststructure\pgf
plotsarray.code.tex
\c@pgfplotsarray@tmp=\count123
)
(C:\Users\Dad\AppData\Roaming\MiKTeX\2.9\tex\generic\pgfplots\liststructure\pgf
plotsmatrix.code.tex)
(C:\Users\Dad\AppData\Roaming\MiKTeX\2.9\tex\generic\pgfplots\numtable\pgfplots
tableshared.code.tex
\c@pgfplotstable@counta=\count124
\t@pgfplotstable@a=\toks42
)
(C:\Users\Dad\AppData\Roaming\MiKTeX\2.9\tex\generic\pgfplots\liststructure\pgf
plotsdeque.code.tex)
(C:\Users\Dad\AppData\Roaming\MiKTeX\2.9\tex\generic\pgfplots\util\pgfplotsbina
ry.code.tex
(C:\Users\Dad\AppData\Roaming\MiKTeX\2.9\tex\generic\pgfplots\util\pgfplotsbina
ry.data.code.tex))
(C:\Users\Dad\AppData\Roaming\MiKTeX\2.9\tex\generic\pgfplots\util\pgfplotsutil
.verb.code.tex)
(C:\Users\Dad\AppData\Roaming\MiKTeX\2.9\tex\generic\pgfplots\libs\pgflibrarypg
fplots.surfshading.code.tex
\c@pgfplotslibrarysurf@no=\count125

(C:\Users\Dad\AppData\Roaming\MiKTeX\2.9\tex\generic\pgfplots\sys\pgflibrarypgf
plots.surfshading.pgfsys-pdftex.def)))
(C:\Users\Dad\AppData\Roaming\MiKTeX\2.9\tex\generic\pgfplots\util\pgfplotscolo
rmap.code.tex
(C:\Users\Dad\AppData\Roaming\MiKTeX\2.9\tex\generic\pgfplots\util\pgfplotscolo
r.code.tex))
(C:\Users\Dad\AppData\Roaming\MiKTeX\2.9\tex\generic\pgfplots\pgfplotsstackedpl
ots.code.tex)
(C:\Users\Dad\AppData\Roaming\MiKTeX\2.9\tex\generic\pgfplots\pgfplotsplothandl
ers.code.tex
(C:\Users\Dad\AppData\Roaming\MiKTeX\2.9\tex\generic\pgfplots\pgfplotsmeshploth
andler.code.tex
(C:\Users\Dad\AppData\Roaming\MiKTeX\2.9\tex\generic\pgfplots\pgfplotsmeshploti
mage.code.tex)))
(C:\Users\Dad\AppData\Roaming\MiKTeX\2.9\tex\generic\pgfplots\pgfplots.scaling.
code.tex)
(C:\Users\Dad\AppData\Roaming\MiKTeX\2.9\tex\generic\pgfplots\pgfplotscoordproc
essing.code.tex)
(C:\Users\Dad\AppData\Roaming\MiKTeX\2.9\tex\generic\pgfplots\pgfplots.errorbar
s.code.tex)
(C:\Users\Dad\AppData\Roaming\MiKTeX\2.9\tex\generic\pgfplots\pgfplots.markers.
code.tex)
(C:\Users\Dad\AppData\Roaming\MiKTeX\2.9\tex\generic\pgfplots\pgfplotsticks.cod
e.tex)
(C:\Users\Dad\AppData\Roaming\MiKTeX\2.9\tex\generic\pgfplots\pgfplots.paths.co
de.tex)
(C:\Users\Dad\AppData\Roaming\MiKTeX\2.9\tex\generic\pgf\frontendlayer\tikz\lib
raries\tikzlibrarydecorations.code.tex
(C:\Users\Dad\AppData\Roaming\MiKTeX\2.9\tex\generic\pgf\modules\pgfmoduledecor
ations.code.tex
\pgfdecoratedcompleteddistance=\dimen163
\pgfdecoratedremainingdistance=\dimen164
\pgfdecoratedinputsegmentcompleteddistance=\dimen165
\pgfdecoratedinputsegmentremainingdistance=\dimen166
\pgf@decorate@distancetomove=\dimen167
\pgf@decorate@repeatstate=\count126
\pgfdecorationsegmentamplitude=\dimen168
\pgfdecorationsegmentlength=\dimen169
)
\tikz@lib@dec@box=\box39
)
(C:\Users\Dad\AppData\Roaming\MiKTeX\2.9\tex\generic\pgf\frontendlayer\tikz\lib
raries\tikzlibrarydecorations.pathmorphing.code.tex
(C:\Users\Dad\AppData\Roaming\MiKTeX\2.9\tex\generic\pgf\libraries\decorations\
pgflibrarydecorations.pathmorphing.code.tex))
(C:\Users\Dad\AppData\Roaming\MiKTeX\2.9\tex\generic\pgf\frontendlayer\tikz\lib
raries\tikzlibrarydecorations.pathreplacing.code.tex
(C:\Users\Dad\AppData\Roaming\MiKTeX\2.9\tex\generic\pgf\libraries\decorations\
pgflibrarydecorations.pathreplacing.code.tex))
\pgfplots@numplots=\count127
\pgfplots@xmin@reg=\dimen170
\pgfplots@xmax@reg=\dimen171
\pgfplots@ymin@reg=\dimen172
\pgfplots@ymax@reg=\dimen173
\pgfplots@zmin@reg=\dimen174
\pgfplots@zmax@reg=\dimen175
)
(C:\Users\Dad\AppData\Roaming\MiKTeX\2.9\tex\generic\pgf\frontendlayer\tikz\lib
raries\tikzlibraryplotmarks.code.tex
File: tikzlibraryplotmarks.code.tex 2008/01/09 v3.0.1a (rcs-revision 1.1)

(C:\Users\Dad\AppData\Roaming\MiKTeX\2.9\tex\generic\pgf\libraries\pgflibrarypl
otmarks.code.tex
File: pgflibraryplotmarks.code.tex 2015/08/03 v3.0.1a (rcs-revision 1.14)
))) ("C:\Program Files\MiKTeX 2.9\tex\generic\xypic\xy.sty"
("C:\Program Files\MiKTeX 2.9\tex\generic\xypic\xy.tex" Bootstrap'ing:
catcodes, docmode, ("C:\Program Files\MiKTeX 2.9\tex\generic\xypic\xyrecat.tex"
) ("C:\Program Files\MiKTeX 2.9\tex\generic\xypic\xyidioms.tex")

 Xy-pic version 3.8.9 <2013/10/06>
 Copyright (c) 1991-2013 by Kristoffer H. Rose <krisrose@tug.org> and others
 Xy-pic is free software: see the User's Guide for details.

Loading kernel: messages; fonts; allocations: state,
\X@c=\dimen176
\Y@c=\dimen177
\U@c=\dimen178
\D@c=\dimen179
\L@c=\dimen180
\R@c=\dimen181
\Edge@c=\toks43
\X@p=\dimen182
\Y@p=\dimen183
\U@p=\dimen184
\D@p=\dimen185
\L@p=\dimen186
\R@p=\dimen187
\Edge@p=\toks44
\X@origin=\dimen188
\Y@origin=\dimen189
\X@xbase=\dimen190
\Y@xbase=\dimen191
\X@ybase=\dimen192
\Y@ybase=\dimen193
\X@min=\dimen194
\Y@min=\dimen195
\X@max=\dimen196
\Y@max=\dimen197
\lastobjectbox@=\box40
\zerodotbox@=\box41
\almostz@=\dimen198
 direction,
\d@X=\dimen199
\d@Y=\dimen256
\K@=\count128
\KK@=\count129
\Direction=\count130
\K@dXdY=\dimen257
\K@dYdX=\dimen258
\xyread@=\read2
\xywrite@=\write4
\csp@=\count131
\quotPTK@=\dimen259

utility macros; pictures: \xy, positions,
\swaptoks@@=\toks45
\connectobjectbox@@=\box42
 objects,
\styletoks@=\toks46
 decorations;
kernel objects: directionals, circles, text; options; algorithms: directions,
edges, connections;  Xy-pic loaded)
("C:\Program Files\MiKTeX 2.9\tex\generic\oberdiek\ifpdf.sty"
Package: ifpdf 2016/05/14 v3.1 Provides the ifpdf switch
)
Package: xy 2013/10/06 Xy-pic version 3.8.9

("C:\Program Files\MiKTeX 2.9\tex\generic\xypic\xyall.tex"
 Xy-pic option: All features v.3.8
("C:\Program Files\MiKTeX 2.9\tex\generic\xypic\xycurve.tex"
 Xy-pic option: Curve and Spline extension v.3.12 curve,
\crv@cnt@=\count132
\crvpts@=\toks47
\splinebox@=\box43
\splineval@=\dimen260
\splinedepth@=\dimen261
\splinetol@=\dimen262
\splinelength@=\dimen263
 circles,
\L@=\dimen264
 loaded)
("C:\Program Files\MiKTeX 2.9\tex\generic\xypic\xyframe.tex"
 Xy-pic option: Frame and Bracket extension v.3.14 loaded)
("C:\Program Files\MiKTeX 2.9\tex\generic\xypic\xycmtip.tex"
 Xy-pic option: Computer Modern tip extension v.3.7
("C:\Program Files\MiKTeX 2.9\tex\generic\xypic\xytips.tex"
 Xy-pic option: More Tips extension v.3.11 loaded) loaded)
("C:\Program Files\MiKTeX 2.9\tex\generic\xypic\xyline.tex"
 Xy-pic option: Line styles extension v.3.10
\xylinethick@=\dimen265
 loaded)
("C:\Program Files\MiKTeX 2.9\tex\generic\xypic\xyrotate.tex"
 Xy-pic option: Rotate and Scale extension v.3.8 loaded)
("C:\Program Files\MiKTeX 2.9\tex\generic\xypic\xycolor.tex"
 Xy-pic option: Colour extension v.3.11 loaded)
("C:\Program Files\MiKTeX 2.9\tex\generic\xypic\xymatrix.tex"
 Xy-pic option: Matrix feature v.3.14
\Row=\count133
\Col=\count134
\queue@=\toks48
\queue@@=\toks49
\qcount@=\count135
\qcount@@=\count136
\matrixsize@=\count137
 loaded)
("C:\Program Files\MiKTeX 2.9\tex\generic\xypic\xyarrow.tex"
 Xy-pic option: Arrow and Path feature v.3.9 path, \ar, loaded)
("C:\Program Files\MiKTeX 2.9\tex\generic\xypic\xygraph.tex"
 Xy-pic option: Graph feature v.3.11 loaded) loaded)
("C:\Program Files\MiKTeX 2.9\tex\generic\xypic\xypdf.tex"
 Xy-pic option: PDF driver v.1.7 Xy-pic pdf driver: `color' extension support
("C:\Program Files\MiKTeX 2.9\tex\generic\xypic\xypdf-co.tex" loaded)
Xy-pic pdf driver: `curve' extension support
("C:\Program Files\MiKTeX 2.9\tex\generic\xypic\xypdf-cu.tex" loaded)
Xy-pic pdf driver: `frame' extension support
("C:\Program Files\MiKTeX 2.9\tex\generic\xypic\xypdf-fr.tex" loaded)
Xy-pic pdf driver: `line' extension support
("C:\Program Files\MiKTeX 2.9\tex\generic\xypic\xypdf-li.tex" loaded)
Xy-pic pdf driver: `rotate' extension support
("C:\Program Files\MiKTeX 2.9\tex\generic\xypic\xypdf-ro.tex" loaded) loaded))
\c@Theorem=\count138
\c@Proposition=\count139
\c@Lemma=\count140
\c@corollary=\count141

(Alg1Tut10.aux)
\openout1 = `Alg1Tut10.aux'.

LaTeX Font Info:    Checking defaults for OML/cmm/m/it on input line 87.
LaTeX Font Info:    ... okay on input line 87.
LaTeX Font Info:    Checking defaults for T1/cmr/m/n on input line 87.
LaTeX Font Info:    ... okay on input line 87.
LaTeX Font Info:    Checking defaults for OT1/cmr/m/n on input line 87.
LaTeX Font Info:    ... okay on input line 87.
LaTeX Font Info:    Checking defaults for OMS/cmsy/m/n on input line 87.
LaTeX Font Info:    ... okay on input line 87.
LaTeX Font Info:    Checking defaults for OMX/cmex/m/n on input line 87.
LaTeX Font Info:    ... okay on input line 87.
LaTeX Font Info:    Checking defaults for U/cmr/m/n on input line 87.
LaTeX Font Info:    ... okay on input line 87.
 ABD: EveryShipout initializing macros
(C:\Users\Dad\AppData\Roaming\MiKTeX\2.9\tex\context\base\supp-pdf.mkii
[Loading MPS to PDF converter (version 2006.09.02).]
\scratchcounter=\count142
\scratchdimen=\dimen266
\scratchbox=\box44
\nofMPsegments=\count143
\nofMParguments=\count144
\everyMPshowfont=\toks50
\MPscratchCnt=\count145
\MPscratchDim=\dimen267
\MPnumerator=\count146
\makeMPintoPDFobject=\count147
\everyMPtoPDFconversion=\toks51
) ("C:\Program Files\MiKTeX 2.9\tex\generic\oberdiek\pdftexcmds.sty"
Package: pdftexcmds 2016/05/21 v0.22 Utility functions of pdfTeX for LuaTeX (HO
)

("C:\Program Files\MiKTeX 2.9\tex\generic\oberdiek\ifluatex.sty"
Package: ifluatex 2016/05/16 v1.4 Provides the ifluatex switch (HO)
Package ifluatex Info: LuaTeX not detected.
)
Package pdftexcmds Info: LuaTeX not detected.
Package pdftexcmds Info: \pdf@primitive is available.
Package pdftexcmds Info: \pdf@ifprimitive is available.
Package pdftexcmds Info: \pdfdraftmode found.
)
("C:\Program Files\MiKTeX 2.9\tex\latex\oberdiek\epstopdf-base.sty"
Package: epstopdf-base 2016/05/15 v2.6 Base part for package epstopdf

("C:\Program Files\MiKTeX 2.9\tex\latex\oberdiek\grfext.sty"
Package: grfext 2016/05/16 v1.2 Manage graphics extensions (HO)

("C:\Program Files\MiKTeX 2.9\tex\generic\oberdiek\kvdefinekeys.sty"
Package: kvdefinekeys 2016/05/16 v1.4 Define keys (HO)
))
("C:\Program Files\MiKTeX 2.9\tex\latex\oberdiek\kvoptions.sty"
Package: kvoptions 2016/05/16 v3.12 Key value format for package options (HO)

("C:\Program Files\MiKTeX 2.9\tex\generic\oberdiek\kvsetkeys.sty"
Package: kvsetkeys 2016/05/16 v1.17 Key value parser (HO)

("C:\Program Files\MiKTeX 2.9\tex\generic\oberdiek\etexcmds.sty"
Package: etexcmds 2016/05/16 v1.6 Avoid name clashes with e-TeX commands (HO)
Package etexcmds Info: Could not find \expanded.
(etexcmds)             That can mean that you are not using pdfTeX 1.50 or
(etexcmds)             that some package has redefined \expanded.
(etexcmds)             In the latter case, load this package earlier.
)))
Package epstopdf-base Info: Redefining graphics rule for `.eps' on input line 4
38.
Package grfext Info: Graphics extension search list:
(grfext)             [.png,.pdf,.jpg,.mps,.jpeg,.jbig2,.jb2,.PNG,.PDF,.JPG,.JPE
G,.JBIG2,.JB2,.eps]
(grfext)             \AppendGraphicsExtensions on input line 456.
)

Package pgfplots Warning: running in backwards compatibility mode (unsuitable t
ick labels; missing features). Consider writing \pgfplotsset{compat=1.15} into 
your preamble.
 on input line 87.

LaTeX Font Info:    Try loading font information for U+msa on input line 87.
("C:\Program Files\MiKTeX 2.9\tex\latex\amsfonts\umsa.fd"
File: umsa.fd 2013/01/14 v3.01 AMS symbols A
)
LaTeX Font Info:    Try loading font information for U+msb on input line 87.

("C:\Program Files\MiKTeX 2.9\tex\latex\amsfonts\umsb.fd"
File: umsb.fd 2013/01/14 v3.01 AMS symbols B
)
Package xypdf Info: Line width: 0.43799pt on input line 87.
LaTeX Font Info:    Try loading font information for OMS+cmr on input line 106.


("C:\Program Files\MiKTeX 2.9\tex\latex\base\omscmr.fd"
File: omscmr.fd 2014/09/29 v2.5h Standard LaTeX font definitions
)
LaTeX Font Info:    Font shape `OMS/cmr/m/n' in size <10.95> not available
(Font)              Font shape `OMS/cmsy/m/n' tried instead on input line 106.
 [1

{C:/Users/Dad/AppData/Local/MiKTeX/2.9/pdftex/config/pdftex.map}] (Alg1Tut10.au
x) ) 
Here is how much of TeX's memory you used:
 24939 strings out of 493333
 608738 string characters out of 3139199
 780556 words of memory out of 3000000
 28020 multiletter control sequences out of 15000+200000
 10045 words of font info for 42 fonts, out of 3000000 for 9000
 1141 hyphenation exceptions out of 8191
 62i,6n,96p,3246b,609s stack positions out of 5000i,500n,10000p,200000b,50000s
<C:/Program Files/MiKTeX 2.9/fonts/type1/public/amsfonts/cm/cmbx10.pfb><C:/
Program Files/MiKTeX 2.9/fonts/type1/public/amsfonts/cm/cmex10.pfb><C:/Program 
Files/MiKTeX 2.9/fonts/type1/public/amsfonts/cm/cmmi10.pfb><C:/Program Files/Mi
KTeX 2.9/fonts/type1/public/amsfonts/cm/cmr10.pfb><C:/Program Files/MiKTeX 2.9/
fonts/type1/public/amsfonts/cm/cmsy10.pfb><C:/Program Files/MiKTeX 2.9/fonts/ty
pe1/public/amsfonts/symbols/msbm10.pfb>
Output written on Alg1Tut10.pdf (1 page, 66212 bytes).
PDF statistics:
 33 PDF objects out of 1000 (max. 8388607)
 0 named destinations out of 1000 (max. 500000)
 13 words of extra memory for PDF output out of 10000 (max. 10000000)

